2024-11-22 07:25:00.590 GMT [1] LOG:  starting PostgreSQL 17.1 (Debian 17.1-1.pgdg120+1) on x86_64-pc-linux-gnu, compiled by gcc (Debian 12.2.0-14) 12.2.0, 64-bit
2024-11-22 07:25:00.590 GMT [1] LOG:  listening on IPv4 address "0.0.0.0", port 5432
2024-11-22 07:25:00.590 GMT [1] LOG:  listening on IPv6 address "::", port 5432
2024-11-22 07:25:00.609 GMT [1] LOG:  listening on Unix socket "/var/run/postgresql/.s.PGSQL.5432"
2024-11-22 07:25:00.650 GMT [31] LOG:  database system was shut down at 2024-11-22 07:20:51 GMT
2024-11-22 07:25:00.667 GMT [1] LOG:  database system is ready to accept connections
2024-11-22 07:26:29.832 GMT [36] LOG:  duration: 1.226 ms  parse s0: SELECT "public"."Ficha"."id", "public"."Ficha"."estadoPago", "public"."Ficha"."fechaEntrada", "public"."Ficha"."fechaSalida", "public"."Ficha"."vehiculoId" FROM "public"."Ficha" WHERE 1=1 OFFSET $1
2024-11-22 07:26:29.833 GMT [36] LOG:  AUDIT: SESSION,1,1,READ,SELECT,,,"SELECT ""public"".""Ficha"".""id"", ""public"".""Ficha"".""estadoPago"", ""public"".""Ficha"".""fechaEntrada"", ""public"".""Ficha"".""fechaSalida"", ""public"".""Ficha"".""vehiculoId"" FROM ""public"".""Ficha"" WHERE 1=1 OFFSET $1",<not logged>
2024-11-22 07:26:29.833 GMT [36] LOG:  duration: 1.190 ms  bind s0: SELECT "public"."Ficha"."id", "public"."Ficha"."estadoPago", "public"."Ficha"."fechaEntrada", "public"."Ficha"."fechaSalida", "public"."Ficha"."vehiculoId" FROM "public"."Ficha" WHERE 1=1 OFFSET $1
2024-11-22 07:26:29.833 GMT [36] DETAIL:  Parameters: $1 = '0'
2024-11-22 07:26:29.833 GMT [36] LOG:  execute s0: SELECT "public"."Ficha"."id", "public"."Ficha"."estadoPago", "public"."Ficha"."fechaEntrada", "public"."Ficha"."fechaSalida", "public"."Ficha"."vehiculoId" FROM "public"."Ficha" WHERE 1=1 OFFSET $1
2024-11-22 07:26:29.833 GMT [36] DETAIL:  Parameters: $1 = '0'
2024-11-22 07:26:29.833 GMT [36] LOG:  duration: 0.044 ms
2024-11-22 07:26:29.834 GMT [36] LOG:  duration: 0.371 ms  parse s1: SELECT "public"."Vehiculo"."id", "public"."Vehiculo"."placa", "public"."Vehiculo"."modelo", "public"."Vehiculo"."marca" FROM "public"."Vehiculo" WHERE "public"."Vehiculo"."id" IN ($1,$2) OFFSET $3
2024-11-22 07:26:29.836 GMT [36] LOG:  AUDIT: SESSION,2,1,READ,SELECT,,,"SELECT ""public"".""Vehiculo"".""id"", ""public"".""Vehiculo"".""placa"", ""public"".""Vehiculo"".""modelo"", ""public"".""Vehiculo"".""marca"" FROM ""public"".""Vehiculo"" WHERE ""public"".""Vehiculo"".""id"" IN ($1,$2) OFFSET $3",<not logged>
2024-11-22 07:26:29.836 GMT [36] LOG:  duration: 0.922 ms  bind s1: SELECT "public"."Vehiculo"."id", "public"."Vehiculo"."placa", "public"."Vehiculo"."modelo", "public"."Vehiculo"."marca" FROM "public"."Vehiculo" WHERE "public"."Vehiculo"."id" IN ($1,$2) OFFSET $3
2024-11-22 07:26:29.836 GMT [36] DETAIL:  Parameters: $1 = '1', $2 = '3', $3 = '0'
2024-11-22 07:26:29.836 GMT [36] LOG:  execute s1: SELECT "public"."Vehiculo"."id", "public"."Vehiculo"."placa", "public"."Vehiculo"."modelo", "public"."Vehiculo"."marca" FROM "public"."Vehiculo" WHERE "public"."Vehiculo"."id" IN ($1,$2) OFFSET $3
2024-11-22 07:26:29.836 GMT [36] DETAIL:  Parameters: $1 = '1', $2 = '3', $3 = '0'
2024-11-22 07:26:29.836 GMT [36] LOG:  duration: 0.089 ms
2024-11-22 07:28:20.568 GMT [36] LOG:  statement: SELECT 1
2024-11-22 07:28:20.568 GMT [36] LOG:  AUDIT: SESSION,3,1,READ,SELECT,,,SELECT 1,<not logged>
2024-11-22 07:28:20.568 GMT [36] LOG:  duration: 0.375 ms
2024-11-22 07:28:20.569 GMT [36] LOG:  duration: 0.166 ms  parse s2: SELECT "public"."Ficha"."id", "public"."Ficha"."estadoPago", "public"."Ficha"."fechaEntrada", "public"."Ficha"."fechaSalida", "public"."Ficha"."vehiculoId" FROM "public"."Ficha" WHERE ("public"."Ficha"."id" = $1 AND 1=1) LIMIT $2 OFFSET $3
2024-11-22 07:28:20.570 GMT [36] LOG:  AUDIT: SESSION,4,1,READ,SELECT,,,"SELECT ""public"".""Ficha"".""id"", ""public"".""Ficha"".""estadoPago"", ""public"".""Ficha"".""fechaEntrada"", ""public"".""Ficha"".""fechaSalida"", ""public"".""Ficha"".""vehiculoId"" FROM ""public"".""Ficha"" WHERE (""public"".""Ficha"".""id"" = $1 AND 1=1) LIMIT $2 OFFSET $3",<not logged>
2024-11-22 07:28:20.570 GMT [36] LOG:  duration: 0.225 ms  bind s2: SELECT "public"."Ficha"."id", "public"."Ficha"."estadoPago", "public"."Ficha"."fechaEntrada", "public"."Ficha"."fechaSalida", "public"."Ficha"."vehiculoId" FROM "public"."Ficha" WHERE ("public"."Ficha"."id" = $1 AND 1=1) LIMIT $2 OFFSET $3
2024-11-22 07:28:20.570 GMT [36] DETAIL:  Parameters: $1 = '3', $2 = '1', $3 = '0'
2024-11-22 07:28:20.570 GMT [36] LOG:  execute s2: SELECT "public"."Ficha"."id", "public"."Ficha"."estadoPago", "public"."Ficha"."fechaEntrada", "public"."Ficha"."fechaSalida", "public"."Ficha"."vehiculoId" FROM "public"."Ficha" WHERE ("public"."Ficha"."id" = $1 AND 1=1) LIMIT $2 OFFSET $3
2024-11-22 07:28:20.570 GMT [36] DETAIL:  Parameters: $1 = '3', $2 = '1', $3 = '0'
2024-11-22 07:28:20.571 GMT [36] LOG:  duration: 0.928 ms
2024-11-22 07:28:20.573 GMT [36] LOG:  duration: 0.179 ms  parse s3: SELECT "public"."Vehiculo"."id", "public"."Vehiculo"."placa", "public"."Vehiculo"."modelo", "public"."Vehiculo"."marca", "public"."Vehiculo"."color", "public"."Vehiculo"."tipo", "public"."Vehiculo"."atributo", "public"."Vehiculo"."createdAt", "public"."Vehiculo"."updatedAt" FROM "public"."Vehiculo" WHERE "public"."Vehiculo"."id" IN ($1) OFFSET $2
2024-11-22 07:28:20.573 GMT [36] LOG:  AUDIT: SESSION,5,1,READ,SELECT,,,"SELECT ""public"".""Vehiculo"".""id"", ""public"".""Vehiculo"".""placa"", ""public"".""Vehiculo"".""modelo"", ""public"".""Vehiculo"".""marca"", ""public"".""Vehiculo"".""color"", ""public"".""Vehiculo"".""tipo"", ""public"".""Vehiculo"".""atributo"", ""public"".""Vehiculo"".""createdAt"", ""public"".""Vehiculo"".""updatedAt"" FROM ""public"".""Vehiculo"" WHERE ""public"".""Vehiculo"".""id"" IN ($1) OFFSET $2",<not logged>
2024-11-22 07:28:20.574 GMT [36] LOG:  duration: 0.406 ms  bind s3: SELECT "public"."Vehiculo"."id", "public"."Vehiculo"."placa", "public"."Vehiculo"."modelo", "public"."Vehiculo"."marca", "public"."Vehiculo"."color", "public"."Vehiculo"."tipo", "public"."Vehiculo"."atributo", "public"."Vehiculo"."createdAt", "public"."Vehiculo"."updatedAt" FROM "public"."Vehiculo" WHERE "public"."Vehiculo"."id" IN ($1) OFFSET $2
2024-11-22 07:28:20.574 GMT [36] DETAIL:  Parameters: $1 = '3', $2 = '0'
2024-11-22 07:28:20.574 GMT [36] LOG:  execute s3: SELECT "public"."Vehiculo"."id", "public"."Vehiculo"."placa", "public"."Vehiculo"."modelo", "public"."Vehiculo"."marca", "public"."Vehiculo"."color", "public"."Vehiculo"."tipo", "public"."Vehiculo"."atributo", "public"."Vehiculo"."createdAt", "public"."Vehiculo"."updatedAt" FROM "public"."Vehiculo" WHERE "public"."Vehiculo"."id" IN ($1) OFFSET $2
2024-11-22 07:28:20.574 GMT [36] DETAIL:  Parameters: $1 = '3', $2 = '0'
2024-11-22 07:28:20.574 GMT [36] LOG:  duration: 0.047 ms
2024-11-22 07:29:01.576 GMT [36] LOG:  statement: SELECT 1
2024-11-22 07:29:01.576 GMT [36] LOG:  AUDIT: SESSION,6,1,READ,SELECT,,,SELECT 1,<not logged>
2024-11-22 07:29:01.576 GMT [36] LOG:  duration: 0.209 ms
2024-11-22 07:29:01.577 GMT [36] LOG:  AUDIT: SESSION,7,1,READ,SELECT,,,"SELECT ""public"".""Ficha"".""id"", ""public"".""Ficha"".""estadoPago"", ""public"".""Ficha"".""fechaEntrada"", ""public"".""Ficha"".""fechaSalida"", ""public"".""Ficha"".""vehiculoId"" FROM ""public"".""Ficha"" WHERE (""public"".""Ficha"".""id"" = $1 AND 1=1) LIMIT $2 OFFSET $3",<not logged>
2024-11-22 07:29:01.577 GMT [36] LOG:  duration: 0.236 ms  bind s2: SELECT "public"."Ficha"."id", "public"."Ficha"."estadoPago", "public"."Ficha"."fechaEntrada", "public"."Ficha"."fechaSalida", "public"."Ficha"."vehiculoId" FROM "public"."Ficha" WHERE ("public"."Ficha"."id" = $1 AND 1=1) LIMIT $2 OFFSET $3
2024-11-22 07:29:01.577 GMT [36] DETAIL:  Parameters: $1 = '3', $2 = '1', $3 = '0'
2024-11-22 07:29:01.577 GMT [36] LOG:  execute s2: SELECT "public"."Ficha"."id", "public"."Ficha"."estadoPago", "public"."Ficha"."fechaEntrada", "public"."Ficha"."fechaSalida", "public"."Ficha"."vehiculoId" FROM "public"."Ficha" WHERE ("public"."Ficha"."id" = $1 AND 1=1) LIMIT $2 OFFSET $3
2024-11-22 07:29:01.577 GMT [36] DETAIL:  Parameters: $1 = '3', $2 = '1', $3 = '0'
2024-11-22 07:29:01.577 GMT [36] LOG:  duration: 0.059 ms
2024-11-22 07:29:01.580 GMT [36] LOG:  statement: BEGIN
2024-11-22 07:29:01.581 GMT [36] LOG:  AUDIT: SESSION,8,1,MISC,BEGIN,,,BEGIN,<not logged>
2024-11-22 07:29:01.581 GMT [36] LOG:  duration: 0.374 ms
2024-11-22 07:29:01.581 GMT [36] LOG:  duration: 0.278 ms  parse s4: SELECT "public"."Ficha"."id" FROM "public"."Ficha" WHERE ("public"."Ficha"."id" = $1 AND 1=1)
2024-11-22 07:29:01.582 GMT [36] LOG:  AUDIT: SESSION,9,1,READ,SELECT,,,"SELECT ""public"".""Ficha"".""id"" FROM ""public"".""Ficha"" WHERE (""public"".""Ficha"".""id"" = $1 AND 1=1)",<not logged>
2024-11-22 07:29:01.582 GMT [36] LOG:  duration: 0.195 ms  bind s4: SELECT "public"."Ficha"."id" FROM "public"."Ficha" WHERE ("public"."Ficha"."id" = $1 AND 1=1)
2024-11-22 07:29:01.582 GMT [36] DETAIL:  Parameters: $1 = '3'
2024-11-22 07:29:01.582 GMT [36] LOG:  execute s4: SELECT "public"."Ficha"."id" FROM "public"."Ficha" WHERE ("public"."Ficha"."id" = $1 AND 1=1)
2024-11-22 07:29:01.582 GMT [36] DETAIL:  Parameters: $1 = '3'
2024-11-22 07:29:01.582 GMT [36] LOG:  duration: 0.081 ms
2024-11-22 07:29:01.674 GMT [36] LOG:  duration: 0.548 ms  parse s5: UPDATE "public"."Ficha" SET "estadoPago" = $1, "fechaSalida" = $2 WHERE ("public"."Ficha"."id" IN ($3) AND ("public"."Ficha"."id" = $4 AND 1=1))
2024-11-22 07:29:01.674 GMT [36] LOG:  duration: 0.255 ms  bind s5: UPDATE "public"."Ficha" SET "estadoPago" = $1, "fechaSalida" = $2 WHERE ("public"."Ficha"."id" IN ($3) AND ("public"."Ficha"."id" = $4 AND 1=1))
2024-11-22 07:29:01.674 GMT [36] DETAIL:  Parameters: $1 = 't', $2 = '2024-11-22 07:29:01.578', $3 = '3', $4 = '3'
2024-11-22 07:29:01.674 GMT [36] LOG:  execute s5: UPDATE "public"."Ficha" SET "estadoPago" = $1, "fechaSalida" = $2 WHERE ("public"."Ficha"."id" IN ($3) AND ("public"."Ficha"."id" = $4 AND 1=1))
2024-11-22 07:29:01.674 GMT [36] DETAIL:  Parameters: $1 = 't', $2 = '2024-11-22 07:29:01.578', $3 = '3', $4 = '3'
2024-11-22 07:29:01.674 GMT [36] LOG:  AUDIT: SESSION,10,1,WRITE,UPDATE,,,"UPDATE ""public"".""Ficha"" SET ""estadoPago"" = $1, ""fechaSalida"" = $2 WHERE (""public"".""Ficha"".""id"" IN ($3) AND (""public"".""Ficha"".""id"" = $4 AND 1=1))",<not logged>
2024-11-22 07:29:01.675 GMT [36] LOG:  duration: 0.397 ms
2024-11-22 07:29:01.676 GMT [36] LOG:  duration: 0.114 ms  parse s6: SELECT "public"."Ficha"."id", "public"."Ficha"."estadoPago", "public"."Ficha"."fechaEntrada", "public"."Ficha"."fechaSalida", "public"."Ficha"."vehiculoId" FROM "public"."Ficha" WHERE "public"."Ficha"."id" = $1 LIMIT $2 OFFSET $3
2024-11-22 07:29:01.676 GMT [36] LOG:  AUDIT: SESSION,11,1,READ,SELECT,,,"SELECT ""public"".""Ficha"".""id"", ""public"".""Ficha"".""estadoPago"", ""public"".""Ficha"".""fechaEntrada"", ""public"".""Ficha"".""fechaSalida"", ""public"".""Ficha"".""vehiculoId"" FROM ""public"".""Ficha"" WHERE ""public"".""Ficha"".""id"" = $1 LIMIT $2 OFFSET $3",<not logged>
2024-11-22 07:29:01.676 GMT [36] LOG:  duration: 0.158 ms  bind s6: SELECT "public"."Ficha"."id", "public"."Ficha"."estadoPago", "public"."Ficha"."fechaEntrada", "public"."Ficha"."fechaSalida", "public"."Ficha"."vehiculoId" FROM "public"."Ficha" WHERE "public"."Ficha"."id" = $1 LIMIT $2 OFFSET $3
2024-11-22 07:29:01.676 GMT [36] DETAIL:  Parameters: $1 = '3', $2 = '1', $3 = '0'
2024-11-22 07:29:01.676 GMT [36] LOG:  execute s6: SELECT "public"."Ficha"."id", "public"."Ficha"."estadoPago", "public"."Ficha"."fechaEntrada", "public"."Ficha"."fechaSalida", "public"."Ficha"."vehiculoId" FROM "public"."Ficha" WHERE "public"."Ficha"."id" = $1 LIMIT $2 OFFSET $3
2024-11-22 07:29:01.676 GMT [36] DETAIL:  Parameters: $1 = '3', $2 = '1', $3 = '0'
2024-11-22 07:29:01.676 GMT [36] LOG:  duration: 0.051 ms
2024-11-22 07:29:01.676 GMT [36] LOG:  statement: COMMIT
2024-11-22 07:29:01.676 GMT [36] LOG:  AUDIT: SESSION,12,1,MISC,COMMIT,,,COMMIT,<not logged>
2024-11-22 07:29:01.678 GMT [36] LOG:  duration: 1.724 ms
2024-11-22 07:30:00.810 GMT [29] LOG:  checkpoint starting: time
2024-11-22 07:30:00.929 GMT [29] LOG:  checkpoint complete: wrote 4 buffers (0.0%); 0 WAL file(s) added, 0 removed, 0 recycled; write=0.106 s, sync=0.004 s, total=0.120 s; sync files=3, longest=0.002 s, average=0.002 s; distance=0 kB, estimate=0 kB; lsn=0/7F4FE78, redo lsn=0/7F4FE20
2024-11-22 07:31:25.403 GMT [42] ERROR:  relation "public.User" does not exist at character 169
2024-11-22 07:31:25.403 GMT [42] STATEMENT:  SELECT "public"."User"."id", "public"."User"."name", "public"."User"."email", "public"."User"."password", "public"."User"."createdAt", "public"."User"."updatedAt" FROM "public"."User" WHERE 1=1 OFFSET $1
2024-11-22 07:33:07.377 GMT [1] LOG:  received fast shutdown request
2024-11-22 07:33:07.381 GMT [1] LOG:  aborting any active transactions
2024-11-22 07:33:07.383 GMT [1] LOG:  background worker "logical replication launcher" (PID 34) exited with exit code 1
2024-11-22 07:33:07.385 GMT [29] LOG:  shutting down
2024-11-22 07:33:07.388 GMT [29] LOG:  checkpoint starting: shutdown immediate
2024-11-22 07:33:07.397 GMT [29] LOG:  checkpoint complete: wrote 0 buffers (0.0%); 0 WAL file(s) added, 0 removed, 0 recycled; write=0.001 s, sync=0.001 s, total=0.013 s; sync files=0, longest=0.000 s, average=0.000 s; distance=0 kB, estimate=0 kB; lsn=0/7F4FF28, redo lsn=0/7F4FF28
2024-11-22 07:33:07.403 GMT [1] LOG:  database system is shut down
