2024-11-17 19:03:45.302 GMT [1] LOG:  starting PostgreSQL 17.1 (Debian 17.1-1.pgdg120+1) on x86_64-pc-linux-gnu, compiled by gcc (Debian 12.2.0-14) 12.2.0, 64-bit
2024-11-17 19:03:45.303 GMT [1] LOG:  listening on IPv4 address "0.0.0.0", port 5432
2024-11-17 19:03:45.303 GMT [1] LOG:  listening on IPv6 address "::", port 5432
2024-11-17 19:03:45.315 GMT [1] LOG:  listening on Unix socket "/var/run/postgresql/.s.PGSQL.5432"
2024-11-17 19:03:45.325 GMT [30] LOG:  database system was shut down at 2024-11-17 19:02:52 GMT
2024-11-17 19:03:45.355 GMT [1] LOG:  database system is ready to accept connections
2024-11-17 19:06:27.645 GMT [39] LOG:  duration: 0.933 ms  parse s0: SELECT "public"."Vehiculo"."id", "public"."Vehiculo"."placa", "public"."Vehiculo"."modelo", "public"."Vehiculo"."marca", "public"."Vehiculo"."color", "public"."Vehiculo"."tipo", "public"."Vehiculo"."atributo", "public"."Vehiculo"."createdAt", "public"."Vehiculo"."updatedAt" FROM "public"."Vehiculo" WHERE ("public"."Vehiculo"."placa" = $1 AND 1=1) LIMIT $2 OFFSET $3
2024-11-17 19:06:27.650 GMT [39] LOG:  AUDIT: SESSION,1,1,READ,SELECT,,,"SELECT ""public"".""Vehiculo"".""id"", ""public"".""Vehiculo"".""placa"", ""public"".""Vehiculo"".""modelo"", ""public"".""Vehiculo"".""marca"", ""public"".""Vehiculo"".""color"", ""public"".""Vehiculo"".""tipo"", ""public"".""Vehiculo"".""atributo"", ""public"".""Vehiculo"".""createdAt"", ""public"".""Vehiculo"".""updatedAt"" FROM ""public"".""Vehiculo"" WHERE (""public"".""Vehiculo"".""placa"" = $1 AND 1=1) LIMIT $2 OFFSET $3",<not logged>
2024-11-17 19:06:27.652 GMT [39] LOG:  duration: 5.954 ms  bind s0: SELECT "public"."Vehiculo"."id", "public"."Vehiculo"."placa", "public"."Vehiculo"."modelo", "public"."Vehiculo"."marca", "public"."Vehiculo"."color", "public"."Vehiculo"."tipo", "public"."Vehiculo"."atributo", "public"."Vehiculo"."createdAt", "public"."Vehiculo"."updatedAt" FROM "public"."Vehiculo" WHERE ("public"."Vehiculo"."placa" = $1 AND 1=1) LIMIT $2 OFFSET $3
2024-11-17 19:06:27.652 GMT [39] DETAIL:  Parameters: $1 = 'ayudin', $2 = '1', $3 = '0'
2024-11-17 19:06:27.652 GMT [39] LOG:  execute s0: SELECT "public"."Vehiculo"."id", "public"."Vehiculo"."placa", "public"."Vehiculo"."modelo", "public"."Vehiculo"."marca", "public"."Vehiculo"."color", "public"."Vehiculo"."tipo", "public"."Vehiculo"."atributo", "public"."Vehiculo"."createdAt", "public"."Vehiculo"."updatedAt" FROM "public"."Vehiculo" WHERE ("public"."Vehiculo"."placa" = $1 AND 1=1) LIMIT $2 OFFSET $3
2024-11-17 19:06:27.652 GMT [39] DETAIL:  Parameters: $1 = 'ayudin', $2 = '1', $3 = '0'
2024-11-17 19:06:27.652 GMT [39] LOG:  duration: 0.185 ms
2024-11-17 19:06:27.656 GMT [39] LOG:  duration: 0.444 ms  parse s1: SELECT "public"."Ficha"."id", "public"."Ficha"."estadoPago", "public"."Ficha"."fechaEntrada", "public"."Ficha"."fechaSalida", "public"."Ficha"."vehiculoId" FROM "public"."Ficha" WHERE "public"."Ficha"."vehiculoId" IN ($1) OFFSET $2
2024-11-17 19:06:27.658 GMT [39] LOG:  AUDIT: SESSION,2,1,READ,SELECT,,,"SELECT ""public"".""Ficha"".""id"", ""public"".""Ficha"".""estadoPago"", ""public"".""Ficha"".""fechaEntrada"", ""public"".""Ficha"".""fechaSalida"", ""public"".""Ficha"".""vehiculoId"" FROM ""public"".""Ficha"" WHERE ""public"".""Ficha"".""vehiculoId"" IN ($1) OFFSET $2",<not logged>
2024-11-17 19:06:27.658 GMT [39] LOG:  duration: 1.407 ms  bind s1: SELECT "public"."Ficha"."id", "public"."Ficha"."estadoPago", "public"."Ficha"."fechaEntrada", "public"."Ficha"."fechaSalida", "public"."Ficha"."vehiculoId" FROM "public"."Ficha" WHERE "public"."Ficha"."vehiculoId" IN ($1) OFFSET $2
2024-11-17 19:06:27.658 GMT [39] DETAIL:  Parameters: $1 = '7', $2 = '0'
2024-11-17 19:06:27.658 GMT [39] LOG:  execute s1: SELECT "public"."Ficha"."id", "public"."Ficha"."estadoPago", "public"."Ficha"."fechaEntrada", "public"."Ficha"."fechaSalida", "public"."Ficha"."vehiculoId" FROM "public"."Ficha" WHERE "public"."Ficha"."vehiculoId" IN ($1) OFFSET $2
2024-11-17 19:06:27.658 GMT [39] DETAIL:  Parameters: $1 = '7', $2 = '0'
2024-11-17 19:06:27.658 GMT [39] LOG:  duration: 0.347 ms
2024-11-17 19:08:45.351 GMT [28] LOG:  checkpoint starting: time
2024-11-17 19:08:45.376 GMT [28] LOG:  checkpoint complete: wrote 3 buffers (0.0%); 0 WAL file(s) added, 0 removed, 0 recycled; write=0.008 s, sync=0.003 s, total=0.026 s; sync files=2, longest=0.002 s, average=0.002 s; distance=0 kB, estimate=0 kB; lsn=0/5D9FA40, redo lsn=0/5D9F9E8
2024-11-17 20:07:21.622 GMT [138] LOG:  duration: 0.538 ms  parse s2: SELECT "public"."Vehiculo"."id", "public"."Vehiculo"."placa", "public"."Vehiculo"."modelo", "public"."Vehiculo"."marca", "public"."Vehiculo"."color", "public"."Vehiculo"."tipo", "public"."Vehiculo"."atributo", "public"."Vehiculo"."createdAt", "public"."Vehiculo"."updatedAt" FROM "public"."Vehiculo" WHERE 1=1 OFFSET $1
2024-11-17 20:07:21.623 GMT [138] LOG:  AUDIT: SESSION,1,1,READ,SELECT,,,"SELECT ""public"".""Vehiculo"".""id"", ""public"".""Vehiculo"".""placa"", ""public"".""Vehiculo"".""modelo"", ""public"".""Vehiculo"".""marca"", ""public"".""Vehiculo"".""color"", ""public"".""Vehiculo"".""tipo"", ""public"".""Vehiculo"".""atributo"", ""public"".""Vehiculo"".""createdAt"", ""public"".""Vehiculo"".""updatedAt"" FROM ""public"".""Vehiculo"" WHERE 1=1 OFFSET $1",<not logged>
2024-11-17 20:07:21.623 GMT [138] LOG:  duration: 0.462 ms  bind s2: SELECT "public"."Vehiculo"."id", "public"."Vehiculo"."placa", "public"."Vehiculo"."modelo", "public"."Vehiculo"."marca", "public"."Vehiculo"."color", "public"."Vehiculo"."tipo", "public"."Vehiculo"."atributo", "public"."Vehiculo"."createdAt", "public"."Vehiculo"."updatedAt" FROM "public"."Vehiculo" WHERE 1=1 OFFSET $1
2024-11-17 20:07:21.623 GMT [138] DETAIL:  Parameters: $1 = '0'
2024-11-17 20:07:21.623 GMT [138] LOG:  execute s2: SELECT "public"."Vehiculo"."id", "public"."Vehiculo"."placa", "public"."Vehiculo"."modelo", "public"."Vehiculo"."marca", "public"."Vehiculo"."color", "public"."Vehiculo"."tipo", "public"."Vehiculo"."atributo", "public"."Vehiculo"."createdAt", "public"."Vehiculo"."updatedAt" FROM "public"."Vehiculo" WHERE 1=1 OFFSET $1
2024-11-17 20:07:21.623 GMT [138] DETAIL:  Parameters: $1 = '0'
2024-11-17 20:07:21.623 GMT [138] LOG:  duration: 0.030 ms
2024-11-17 20:07:21.631 GMT [138] LOG:  AUDIT: SESSION,2,1,READ,SELECT,,,"SELECT ""public"".""Vehiculo"".""id"", ""public"".""Vehiculo"".""placa"", ""public"".""Vehiculo"".""modelo"", ""public"".""Vehiculo"".""marca"", ""public"".""Vehiculo"".""color"", ""public"".""Vehiculo"".""tipo"", ""public"".""Vehiculo"".""atributo"", ""public"".""Vehiculo"".""createdAt"", ""public"".""Vehiculo"".""updatedAt"" FROM ""public"".""Vehiculo"" WHERE 1=1 OFFSET $1",<not logged>
2024-11-17 20:07:21.631 GMT [138] LOG:  duration: 0.272 ms  bind s2: SELECT "public"."Vehiculo"."id", "public"."Vehiculo"."placa", "public"."Vehiculo"."modelo", "public"."Vehiculo"."marca", "public"."Vehiculo"."color", "public"."Vehiculo"."tipo", "public"."Vehiculo"."atributo", "public"."Vehiculo"."createdAt", "public"."Vehiculo"."updatedAt" FROM "public"."Vehiculo" WHERE 1=1 OFFSET $1
2024-11-17 20:07:21.631 GMT [138] DETAIL:  Parameters: $1 = '0'
2024-11-17 20:07:21.631 GMT [138] LOG:  execute s2: SELECT "public"."Vehiculo"."id", "public"."Vehiculo"."placa", "public"."Vehiculo"."modelo", "public"."Vehiculo"."marca", "public"."Vehiculo"."color", "public"."Vehiculo"."tipo", "public"."Vehiculo"."atributo", "public"."Vehiculo"."createdAt", "public"."Vehiculo"."updatedAt" FROM "public"."Vehiculo" WHERE 1=1 OFFSET $1
2024-11-17 20:07:21.631 GMT [138] DETAIL:  Parameters: $1 = '0'
2024-11-17 20:07:21.632 GMT [138] LOG:  duration: 0.048 ms
2024-11-17 20:11:03.129 GMT [1] LOG:  received fast shutdown request
2024-11-17 20:11:03.132 GMT [1] LOG:  aborting any active transactions
2024-11-17 20:11:03.135 GMT [1] LOG:  background worker "logical replication launcher" (PID 33) exited with exit code 1
2024-11-17 20:11:03.135 GMT [28] LOG:  shutting down
2024-11-17 20:11:03.138 GMT [28] LOG:  checkpoint starting: shutdown immediate
2024-11-17 20:11:03.149 GMT [28] LOG:  checkpoint complete: wrote 0 buffers (0.0%); 0 WAL file(s) added, 0 removed, 0 recycled; write=0.001 s, sync=0.001 s, total=0.015 s; sync files=0, longest=0.000 s, average=0.000 s; distance=0 kB, estimate=0 kB; lsn=0/5D9FAF0, redo lsn=0/5D9FAF0
2024-11-17 20:11:03.157 GMT [1] LOG:  database system is shut down
