2024-11-17 20:36:34.102 GMT [1] LOG:  starting PostgreSQL 17.1 (Debian 17.1-1.pgdg120+1) on x86_64-pc-linux-gnu, compiled by gcc (Debian 12.2.0-14) 12.2.0, 64-bit
2024-11-17 20:36:34.103 GMT [1] LOG:  listening on IPv4 address "0.0.0.0", port 5432
2024-11-17 20:36:34.104 GMT [1] LOG:  listening on IPv6 address "::", port 5432
2024-11-17 20:36:34.108 GMT [1] LOG:  listening on Unix socket "/var/run/postgresql/.s.PGSQL.5432"
2024-11-17 20:36:34.116 GMT [30] LOG:  database system was shut down at 2024-11-17 20:35:47 GMT
2024-11-17 20:36:34.125 GMT [1] LOG:  database system is ready to accept connections
2024-11-17 20:36:46.534 GMT [34] LOG:  duration: 16.998 ms  parse s0: SELECT "public"."Vehiculo"."id", "public"."Vehiculo"."placa", "public"."Vehiculo"."modelo", "public"."Vehiculo"."marca", "public"."Vehiculo"."color", "public"."Vehiculo"."tipo", "public"."Vehiculo"."atributo", "public"."Vehiculo"."createdAt", "public"."Vehiculo"."updatedAt" FROM "public"."Vehiculo" WHERE 1=1 OFFSET $1
2024-11-17 20:36:46.542 GMT [34] LOG:  AUDIT: SESSION,1,1,READ,SELECT,,,"SELECT ""public"".""Vehiculo"".""id"", ""public"".""Vehiculo"".""placa"", ""public"".""Vehiculo"".""modelo"", ""public"".""Vehiculo"".""marca"", ""public"".""Vehiculo"".""color"", ""public"".""Vehiculo"".""tipo"", ""public"".""Vehiculo"".""atributo"", ""public"".""Vehiculo"".""createdAt"", ""public"".""Vehiculo"".""updatedAt"" FROM ""public"".""Vehiculo"" WHERE 1=1 OFFSET $1",<not logged>
2024-11-17 20:36:46.544 GMT [34] LOG:  duration: 9.278 ms  bind s0: SELECT "public"."Vehiculo"."id", "public"."Vehiculo"."placa", "public"."Vehiculo"."modelo", "public"."Vehiculo"."marca", "public"."Vehiculo"."color", "public"."Vehiculo"."tipo", "public"."Vehiculo"."atributo", "public"."Vehiculo"."createdAt", "public"."Vehiculo"."updatedAt" FROM "public"."Vehiculo" WHERE 1=1 OFFSET $1
2024-11-17 20:36:46.544 GMT [34] DETAIL:  Parameters: $1 = '0'
2024-11-17 20:36:46.544 GMT [34] LOG:  execute s0: SELECT "public"."Vehiculo"."id", "public"."Vehiculo"."placa", "public"."Vehiculo"."modelo", "public"."Vehiculo"."marca", "public"."Vehiculo"."color", "public"."Vehiculo"."tipo", "public"."Vehiculo"."atributo", "public"."Vehiculo"."createdAt", "public"."Vehiculo"."updatedAt" FROM "public"."Vehiculo" WHERE 1=1 OFFSET $1
2024-11-17 20:36:46.544 GMT [34] DETAIL:  Parameters: $1 = '0'
2024-11-17 20:36:46.544 GMT [34] LOG:  duration: 0.505 ms
2024-11-17 20:36:46.577 GMT [34] LOG:  AUDIT: SESSION,2,1,READ,SELECT,,,"SELECT ""public"".""Vehiculo"".""id"", ""public"".""Vehiculo"".""placa"", ""public"".""Vehiculo"".""modelo"", ""public"".""Vehiculo"".""marca"", ""public"".""Vehiculo"".""color"", ""public"".""Vehiculo"".""tipo"", ""public"".""Vehiculo"".""atributo"", ""public"".""Vehiculo"".""createdAt"", ""public"".""Vehiculo"".""updatedAt"" FROM ""public"".""Vehiculo"" WHERE 1=1 OFFSET $1",<not logged>
2024-11-17 20:36:46.577 GMT [34] LOG:  duration: 0.268 ms  bind s0: SELECT "public"."Vehiculo"."id", "public"."Vehiculo"."placa", "public"."Vehiculo"."modelo", "public"."Vehiculo"."marca", "public"."Vehiculo"."color", "public"."Vehiculo"."tipo", "public"."Vehiculo"."atributo", "public"."Vehiculo"."createdAt", "public"."Vehiculo"."updatedAt" FROM "public"."Vehiculo" WHERE 1=1 OFFSET $1
2024-11-17 20:36:46.577 GMT [34] DETAIL:  Parameters: $1 = '0'
2024-11-17 20:36:46.577 GMT [34] LOG:  execute s0: SELECT "public"."Vehiculo"."id", "public"."Vehiculo"."placa", "public"."Vehiculo"."modelo", "public"."Vehiculo"."marca", "public"."Vehiculo"."color", "public"."Vehiculo"."tipo", "public"."Vehiculo"."atributo", "public"."Vehiculo"."createdAt", "public"."Vehiculo"."updatedAt" FROM "public"."Vehiculo" WHERE 1=1 OFFSET $1
2024-11-17 20:36:46.577 GMT [34] DETAIL:  Parameters: $1 = '0'
2024-11-17 20:36:46.577 GMT [34] LOG:  duration: 0.066 ms
2024-11-17 20:41:34.191 GMT [28] LOG:  checkpoint starting: time
2024-11-17 20:41:34.209 GMT [28] LOG:  checkpoint complete: wrote 3 buffers (0.0%); 0 WAL file(s) added, 0 removed, 0 recycled; write=0.005 s, sync=0.002 s, total=0.018 s; sync files=2, longest=0.001 s, average=0.001 s; distance=0 kB, estimate=0 kB; lsn=0/5DA0138, redo lsn=0/5DA00E0
2024-11-17 20:45:42.681 GMT [1] LOG:  received fast shutdown request
2024-11-17 20:45:42.683 GMT [1] LOG:  aborting any active transactions
2024-11-17 20:45:42.685 GMT [1] LOG:  background worker "logical replication launcher" (PID 33) exited with exit code 1
2024-11-17 20:45:42.685 GMT [28] LOG:  shutting down
2024-11-17 20:45:42.687 GMT [28] LOG:  checkpoint starting: shutdown immediate
2024-11-17 20:45:42.695 GMT [28] LOG:  checkpoint complete: wrote 0 buffers (0.0%); 0 WAL file(s) added, 0 removed, 0 recycled; write=0.001 s, sync=0.001 s, total=0.010 s; sync files=0, longest=0.000 s, average=0.000 s; distance=0 kB, estimate=0 kB; lsn=0/5DA01E8, redo lsn=0/5DA01E8
2024-11-17 20:45:42.699 GMT [1] LOG:  database system is shut down
